{"/app/frontend/src/lib/universityPresentation.ts": {"path":"/app/frontend/src/lib/universityPresentation.ts","statementMap":{"0":{"start":{"line":2,"column":4},"end":{"line":2,"column":null}},"1":{"start":{"line":2,"column":47},"end":{"line":2,"column":null}},"2":{"start":{"line":3,"column":17},"end":{"line":3,"column":null}},"3":{"start":{"line":4,"column":4},"end":{"line":4,"column":null}},"4":{"start":{"line":8,"column":17},"end":{"line":8,"column":null}},"5":{"start":{"line":9,"column":4},"end":{"line":9,"column":null}},"6":{"start":{"line":13,"column":4},"end":{"line":13,"column":null}},"7":{"start":{"line":13,"column":69},"end":{"line":13,"column":null}},"8":{"start":{"line":14,"column":26},"end":{"line":14,"column":null}},"9":{"start":{"line":15,"column":17},"end":{"line":15,"column":null}},"10":{"start":{"line":16,"column":4},"end":{"line":16,"column":null}},"11":{"start":{"line":20,"column":4},"end":{"line":20,"column":null}},"12":{"start":{"line":20,"column":33},"end":{"line":20,"column":null}},"13":{"start":{"line":21,"column":18},"end":{"line":21,"column":null}},"14":{"start":{"line":22,"column":4},"end":{"line":22,"column":null}},"15":{"start":{"line":22,"column":27},"end":{"line":22,"column":null}},"16":{"start":{"line":23,"column":17},"end":{"line":23,"column":null}},"17":{"start":{"line":24,"column":4},"end":{"line":24,"column":null}},"18":{"start":{"line":28,"column":4},"end":{"line":28,"column":null}},"19":{"start":{"line":28,"column":16},"end":{"line":28,"column":null}},"20":{"start":{"line":29,"column":4},"end":{"line":29,"column":null}},"21":{"start":{"line":29,"column":31},"end":{"line":29,"column":null}},"22":{"start":{"line":31,"column":4},"end":{"line":33,"column":null}},"23":{"start":{"line":32,"column":8},"end":{"line":32,"column":null}},"24":{"start":{"line":35,"column":16},"end":{"line":35,"column":null}},"25":{"start":{"line":36,"column":4},"end":{"line":36,"column":null}},"26":{"start":{"line":36,"column":14},"end":{"line":36,"column":null}},"27":{"start":{"line":38,"column":4},"end":{"line":41,"column":null}},"28":{"start":{"line":39,"column":24},"end":{"line":39,"column":null}},"29":{"start":{"line":40,"column":8},"end":{"line":40,"column":null}},"30":{"start":{"line":43,"column":17},"end":{"line":43,"column":null}},"31":{"start":{"line":44,"column":4},"end":{"line":44,"column":null}},"32":{"start":{"line":52,"column":17},"end":{"line":52,"column":null}},"33":{"start":{"line":53,"column":4},"end":{"line":53,"column":null}},"34":{"start":{"line":57,"column":17},"end":{"line":57,"column":null}},"35":{"start":{"line":58,"column":4},"end":{"line":58,"column":null}},"36":{"start":{"line":62,"column":17},"end":{"line":62,"column":null}},"37":{"start":{"line":63,"column":4},"end":{"line":63,"column":null}},"38":{"start":{"line":63,"column":15},"end":{"line":63,"column":null}},"39":{"start":{"line":64,"column":22},"end":{"line":64,"column":null}},"40":{"start":{"line":65,"column":24},"end":{"line":65,"column":null}},"41":{"start":{"line":66,"column":4},"end":{"line":66,"column":null}},"42":{"start":{"line":70,"column":4},"end":{"line":73,"column":null}},"43":{"start":{"line":77,"column":18},"end":{"line":77,"column":null}},"44":{"start":{"line":78,"column":4},"end":{"line":83,"column":null}},"45":{"start":{"line":79,"column":32},"end":{"line":79,"column":null}},"46":{"start":{"line":80,"column":8},"end":{"line":82,"column":null}},"47":{"start":{"line":81,"column":12},"end":{"line":81,"column":null}},"48":{"start":{"line":84,"column":4},"end":{"line":92,"column":null}},"49":{"start":{"line":87,"column":30},"end":{"line":87,"column":87}},"50":{"start":{"line":88,"column":27},"end":{"line":88,"column":34}},"51":{"start":{"line":97,"column":19},"end":{"line":97,"column":null}},"52":{"start":{"line":98,"column":4},"end":{"line":98,"column":null}},"53":{"start":{"line":98,"column":22},"end":{"line":98,"column":null}},"54":{"start":{"line":99,"column":4},"end":{"line":99,"column":null}},"55":{"start":{"line":99,"column":22},"end":{"line":99,"column":null}},"56":{"start":{"line":100,"column":4},"end":{"line":100,"column":null}},"57":{"start":{"line":100,"column":21},"end":{"line":100,"column":null}},"58":{"start":{"line":101,"column":4},"end":{"line":101,"column":null}},"59":{"start":{"line":101,"column":21},"end":{"line":101,"column":null}},"60":{"start":{"line":102,"column":4},"end":{"line":102,"column":null}},"61":{"start":{"line":102,"column":21},"end":{"line":102,"column":null}},"62":{"start":{"line":103,"column":4},"end":{"line":103,"column":null}},"63":{"start":{"line":107,"column":23},"end":{"line":107,"column":null}},"64":{"start":{"line":108,"column":19},"end":{"line":108,"column":null}},"65":{"start":{"line":109,"column":24},"end":{"line":112,"column":null}},"66":{"start":{"line":111,"column":23},"end":{"line":111,"column":63}},"67":{"start":{"line":112,"column":34},"end":{"line":112,"column":58}},"68":{"start":{"line":114,"column":4},"end":{"line":114,"column":null}},"69":{"start":{"line":114,"column":44},"end":{"line":114,"column":null}},"70":{"start":{"line":115,"column":4},"end":{"line":115,"column":null}},"71":{"start":{"line":115,"column":43},"end":{"line":115,"column":null}},"72":{"start":{"line":116,"column":4},"end":{"line":116,"column":null}},"73":{"start":{"line":116,"column":43},"end":{"line":116,"column":null}},"74":{"start":{"line":117,"column":4},"end":{"line":117,"column":null}},"75":{"start":{"line":117,"column":43},"end":{"line":117,"column":null}},"76":{"start":{"line":118,"column":4},"end":{"line":118,"column":null}},"77":{"start":{"line":118,"column":43},"end":{"line":118,"column":null}},"78":{"start":{"line":119,"column":4},"end":{"line":119,"column":null}},"79":{"start":{"line":119,"column":22},"end":{"line":119,"column":null}},"80":{"start":{"line":120,"column":4},"end":{"line":120,"column":null}},"81":{"start":{"line":124,"column":19},"end":{"line":124,"column":null}},"82":{"start":{"line":125,"column":4},"end":{"line":125,"column":null}},"83":{"start":{"line":125,"column":21},"end":{"line":125,"column":null}},"84":{"start":{"line":126,"column":4},"end":{"line":126,"column":null}},"85":{"start":{"line":126,"column":21},"end":{"line":126,"column":null}},"86":{"start":{"line":127,"column":4},"end":{"line":127,"column":null}},"87":{"start":{"line":131,"column":17},"end":{"line":131,"column":null}},"88":{"start":{"line":132,"column":4},"end":{"line":132,"column":null}},"89":{"start":{"line":132,"column":47},"end":{"line":132,"column":null}},"90":{"start":{"line":133,"column":24},"end":{"line":133,"column":null}},"91":{"start":{"line":134,"column":4},"end":{"line":134,"column":null}},"92":{"start":{"line":134,"column":22},"end":{"line":134,"column":null}},"93":{"start":{"line":135,"column":20},"end":{"line":135,"column":null}},"94":{"start":{"line":136,"column":4},"end":{"line":136,"column":null}},"95":{"start":{"line":136,"column":51},"end":{"line":136,"column":null}},"96":{"start":{"line":137,"column":4},"end":{"line":137,"column":null}},"97":{"start":{"line":141,"column":23},"end":{"line":141,"column":null}},"98":{"start":{"line":142,"column":4},"end":{"line":142,"column":null}},"99":{"start":{"line":142,"column":21},"end":{"line":142,"column":null}},"100":{"start":{"line":143,"column":21},"end":{"line":143,"column":null}},"101":{"start":{"line":143,"column":60},"end":{"line":143,"column":74}},"102":{"start":{"line":144,"column":4},"end":{"line":144,"column":null}},"103":{"start":{"line":144,"column":30},"end":{"line":144,"column":null}},"104":{"start":{"line":145,"column":4},"end":{"line":145,"column":null}},"105":{"start":{"line":145,"column":40},"end":{"line":145,"column":null}},"106":{"start":{"line":146,"column":4},"end":{"line":146,"column":null}},"107":{"start":{"line":150,"column":4},"end":{"line":159,"column":null}},"108":{"start":{"line":158,"column":24},"end":{"line":158,"column":50}},"109":{"start":{"line":163,"column":23},"end":{"line":167,"column":null}},"110":{"start":{"line":164,"column":24},"end":{"line":164,"column":50}},"111":{"start":{"line":165,"column":42},"end":{"line":165,"column":56}},"112":{"start":{"line":166,"column":24},"end":{"line":166,"column":39}},"113":{"start":{"line":167,"column":31},"end":{"line":167,"column":43}},"114":{"start":{"line":168,"column":4},"end":{"line":168,"column":null}}},"fnMap":{"0":{"name":"pickText","decl":{"start":{"line":1,"column":16},"end":{"line":1,"column":25}},"loc":{"start":{"line":1,"column":64},"end":{"line":5,"column":null}},"line":1},"1":{"name":"isUsableDate","decl":{"start":{"line":7,"column":9},"end":{"line":7,"column":22}},"loc":{"start":{"line":7,"column":43},"end":{"line":10,"column":null}},"line":7},"2":{"name":"parseExcelSerialDate","decl":{"start":{"line":12,"column":9},"end":{"line":12,"column":30}},"loc":{"start":{"line":12,"column":58},"end":{"line":17,"column":null}},"line":12},"3":{"name":"parseEpochDate","decl":{"start":{"line":19,"column":9},"end":{"line":19,"column":24}},"loc":{"start":{"line":19,"column":52},"end":{"line":25,"column":null}},"line":19},"4":{"name":"parseUniversityDate","decl":{"start":{"line":27,"column":16},"end":{"line":27,"column":36}},"loc":{"start":{"line":27,"column":65},"end":{"line":45,"column":null}},"line":27},"5":{"name":"formatUniversityDate","decl":{"start":{"line":47,"column":16},"end":{"line":47,"column":null}},"loc":{"start":{"line":51,"column":10},"end":{"line":54,"column":null}},"line":51},"6":{"name":"toUniversityIsoDate","decl":{"start":{"line":56,"column":16},"end":{"line":56,"column":36}},"loc":{"start":{"line":56,"column":60},"end":{"line":59,"column":null}},"line":56},"7":{"name":"daysUntilUniversityDate","decl":{"start":{"line":61,"column":16},"end":{"line":61,"column":40}},"loc":{"start":{"line":61,"column":90},"end":{"line":67,"column":null}},"line":61},"8":{"name":"toUniversitySlug","decl":{"start":{"line":69,"column":16},"end":{"line":69,"column":33}},"loc":{"start":{"line":69,"column":56},"end":{"line":74,"column":null}},"line":69},"9":{"name":"buildUniversityLogoFallback","decl":{"start":{"line":76,"column":16},"end":{"line":76,"column":44}},"loc":{"start":{"line":76,"column":82},"end":{"line":94,"column":null}},"line":76},"10":{"name":"(anonymous_10)","decl":{"start":{"line":87,"column":20},"end":{"line":87,"column":21}},"loc":{"start":{"line":87,"column":30},"end":{"line":87,"column":87}},"line":87},"11":{"name":"(anonymous_11)","decl":{"start":{"line":88,"column":17},"end":{"line":88,"column":18}},"loc":{"start":{"line":88,"column":27},"end":{"line":88,"column":34}},"line":88},"12":{"name":"getUniversityFallbackTextSizeClass","decl":{"start":{"line":96,"column":16},"end":{"line":96,"column":51}},"loc":{"start":{"line":96,"column":73},"end":{"line":104,"column":null}},"line":96},"13":{"name":"getUniversityNameSizeClass","decl":{"start":{"line":106,"column":16},"end":{"line":106,"column":43}},"loc":{"start":{"line":106,"column":65},"end":{"line":121,"column":null}},"line":106},"14":{"name":"(anonymous_14)","decl":{"start":{"line":111,"column":13},"end":{"line":111,"column":14}},"loc":{"start":{"line":111,"column":23},"end":{"line":111,"column":63}},"line":111},"15":{"name":"(anonymous_15)","decl":{"start":{"line":112,"column":16},"end":{"line":112,"column":17}},"loc":{"start":{"line":112,"column":34},"end":{"line":112,"column":58}},"line":112},"16":{"name":"getUniversityShortFormClass","decl":{"start":{"line":123,"column":16},"end":{"line":123,"column":44}},"loc":{"start":{"line":123,"column":71},"end":{"line":128,"column":null}},"line":123},"17":{"name":"normalizeUniversitySeat","decl":{"start":{"line":130,"column":16},"end":{"line":130,"column":40}},"loc":{"start":{"line":130,"column":64},"end":{"line":138,"column":null}},"line":130},"18":{"name":"shortenUniversityAddress","decl":{"start":{"line":140,"column":16},"end":{"line":140,"column":41}},"loc":{"start":{"line":140,"column":82},"end":{"line":147,"column":null}},"line":140},"19":{"name":"(anonymous_19)","decl":{"start":{"line":143,"column":47},"end":{"line":143,"column":48}},"loc":{"start":{"line":143,"column":60},"end":{"line":143,"column":74}},"line":143},"20":{"name":"pickUniversityExamDates","decl":{"start":{"line":149,"column":16},"end":{"line":149,"column":40}},"loc":{"start":{"line":149,"column":81},"end":{"line":160,"column":null}},"line":149},"21":{"name":"(anonymous_21)","decl":{"start":{"line":158,"column":13},"end":{"line":158,"column":14}},"loc":{"start":{"line":158,"column":24},"end":{"line":158,"column":50}},"line":158},"22":{"name":"pickNearestUniversityExamDate","decl":{"start":{"line":162,"column":16},"end":{"line":162,"column":46}},"loc":{"start":{"line":162,"column":85},"end":{"line":169,"column":null}},"line":162},"23":{"name":"(anonymous_23)","decl":{"start":{"line":164,"column":13},"end":{"line":164,"column":14}},"loc":{"start":{"line":164,"column":24},"end":{"line":164,"column":50}},"line":164},"24":{"name":"(anonymous_24)","decl":{"start":{"line":165,"column":16},"end":{"line":165,"column":17}},"loc":{"start":{"line":165,"column":42},"end":{"line":165,"column":56}},"line":165},"25":{"name":"(anonymous_25)","decl":{"start":{"line":166,"column":13},"end":{"line":166,"column":14}},"loc":{"start":{"line":166,"column":24},"end":{"line":166,"column":39}},"line":166},"26":{"name":"(anonymous_26)","decl":{"start":{"line":167,"column":14},"end":{"line":167,"column":15}},"loc":{"start":{"line":167,"column":31},"end":{"line":167,"column":43}},"line":167}},"branchMap":{"0":{"loc":{"start":{"line":1,"column":41},"end":{"line":1,"column":64}},"type":"default-arg","locations":[{"start":{"line":1,"column":52},"end":{"line":1,"column":64}}],"line":1},"1":{"loc":{"start":{"line":2,"column":4},"end":{"line":2,"column":null}},"type":"if","locations":[{"start":{"line":2,"column":4},"end":{"line":2,"column":null}},{"start":{},"end":{}}],"line":2},"2":{"loc":{"start":{"line":2,"column":8},"end":{"line":2,"column":47}},"type":"binary-expr","locations":[{"start":{"line":2,"column":8},"end":{"line":2,"column":26}},{"start":{"line":2,"column":26},"end":{"line":2,"column":47}}],"line":2},"3":{"loc":{"start":{"line":4,"column":11},"end":{"line":4,"column":null}},"type":"binary-expr","locations":[{"start":{"line":4,"column":11},"end":{"line":4,"column":19}},{"start":{"line":4,"column":19},"end":{"line":4,"column":null}}],"line":4},"4":{"loc":{"start":{"line":9,"column":11},"end":{"line":9,"column":null}},"type":"binary-expr","locations":[{"start":{"line":9,"column":11},"end":{"line":9,"column":46}},{"start":{"line":9,"column":46},"end":{"line":9,"column":62}},{"start":{"line":9,"column":62},"end":{"line":9,"column":null}}],"line":9},"5":{"loc":{"start":{"line":13,"column":4},"end":{"line":13,"column":null}},"type":"if","locations":[{"start":{"line":13,"column":4},"end":{"line":13,"column":null}},{"start":{},"end":{}}],"line":13},"6":{"loc":{"start":{"line":13,"column":8},"end":{"line":13,"column":69}},"type":"binary-expr","locations":[{"start":{"line":13,"column":8},"end":{"line":13,"column":35}},{"start":{"line":13,"column":35},"end":{"line":13,"column":53}},{"start":{"line":13,"column":53},"end":{"line":13,"column":69}}],"line":13},"7":{"loc":{"start":{"line":16,"column":11},"end":{"line":16,"column":null}},"type":"cond-expr","locations":[{"start":{"line":16,"column":32},"end":{"line":16,"column":39}},{"start":{"line":16,"column":39},"end":{"line":16,"column":null}}],"line":16},"8":{"loc":{"start":{"line":20,"column":4},"end":{"line":20,"column":null}},"type":"if","locations":[{"start":{"line":20,"column":4},"end":{"line":20,"column":null}},{"start":{},"end":{}}],"line":20},"9":{"loc":{"start":{"line":23,"column":26},"end":{"line":23,"column":67}},"type":"cond-expr","locations":[{"start":{"line":23,"column":43},"end":{"line":23,"column":60}},{"start":{"line":23,"column":60},"end":{"line":23,"column":67}}],"line":23},"10":{"loc":{"start":{"line":24,"column":11},"end":{"line":24,"column":null}},"type":"cond-expr","locations":[{"start":{"line":24,"column":32},"end":{"line":24,"column":39}},{"start":{"line":24,"column":39},"end":{"line":24,"column":null}}],"line":24},"11":{"loc":{"start":{"line":28,"column":4},"end":{"line":28,"column":null}},"type":"if","locations":[{"start":{"line":28,"column":4},"end":{"line":28,"column":null}},{"start":{},"end":{}}],"line":28},"12":{"loc":{"start":{"line":29,"column":4},"end":{"line":29,"column":null}},"type":"if","locations":[{"start":{"line":29,"column":4},"end":{"line":29,"column":null}},{"start":{},"end":{}}],"line":29},"13":{"loc":{"start":{"line":29,"column":38},"end":{"line":29,"column":null}},"type":"cond-expr","locations":[{"start":{"line":29,"column":60},"end":{"line":29,"column":68}},{"start":{"line":29,"column":68},"end":{"line":29,"column":null}}],"line":29},"14":{"loc":{"start":{"line":31,"column":4},"end":{"line":33,"column":null}},"type":"if","locations":[{"start":{"line":31,"column":4},"end":{"line":33,"column":null}},{"start":{},"end":{}}],"line":31},"15":{"loc":{"start":{"line":32,"column":15},"end":{"line":32,"column":null}},"type":"binary-expr","locations":[{"start":{"line":32,"column":15},"end":{"line":32,"column":46}},{"start":{"line":32,"column":46},"end":{"line":32,"column":null}}],"line":32},"16":{"loc":{"start":{"line":36,"column":4},"end":{"line":36,"column":null}},"type":"if","locations":[{"start":{"line":36,"column":4},"end":{"line":36,"column":null}},{"start":{},"end":{}}],"line":36},"17":{"loc":{"start":{"line":38,"column":4},"end":{"line":41,"column":null}},"type":"if","locations":[{"start":{"line":38,"column":4},"end":{"line":41,"column":null}},{"start":{},"end":{}}],"line":38},"18":{"loc":{"start":{"line":40,"column":15},"end":{"line":40,"column":null}},"type":"binary-expr","locations":[{"start":{"line":40,"column":15},"end":{"line":40,"column":48}},{"start":{"line":40,"column":48},"end":{"line":40,"column":null}}],"line":40},"19":{"loc":{"start":{"line":44,"column":11},"end":{"line":44,"column":null}},"type":"cond-expr","locations":[{"start":{"line":44,"column":32},"end":{"line":44,"column":39}},{"start":{"line":44,"column":39},"end":{"line":44,"column":null}}],"line":44},"20":{"loc":{"start":{"line":49,"column":4},"end":{"line":49,"column":null}},"type":"default-arg","locations":[{"start":{"line":49,"column":13},"end":{"line":49,"column":null}}],"line":49},"21":{"loc":{"start":{"line":50,"column":4},"end":{"line":50,"column":null}},"type":"default-arg","locations":[{"start":{"line":50,"column":42},"end":{"line":50,"column":null}}],"line":50},"22":{"loc":{"start":{"line":53,"column":11},"end":{"line":53,"column":null}},"type":"cond-expr","locations":[{"start":{"line":53,"column":18},"end":{"line":53,"column":61}},{"start":{"line":53,"column":61},"end":{"line":53,"column":null}}],"line":53},"23":{"loc":{"start":{"line":58,"column":11},"end":{"line":58,"column":null}},"type":"cond-expr","locations":[{"start":{"line":58,"column":18},"end":{"line":58,"column":39}},{"start":{"line":58,"column":39},"end":{"line":58,"column":null}}],"line":58},"24":{"loc":{"start":{"line":61,"column":56},"end":{"line":61,"column":90}},"type":"default-arg","locations":[{"start":{"line":61,"column":63},"end":{"line":61,"column":90}}],"line":61},"25":{"loc":{"start":{"line":63,"column":4},"end":{"line":63,"column":null}},"type":"if","locations":[{"start":{"line":63,"column":4},"end":{"line":63,"column":null}},{"start":{},"end":{}}],"line":63},"26":{"loc":{"start":{"line":70,"column":18},"end":{"line":70,"column":29}},"type":"binary-expr","locations":[{"start":{"line":70,"column":18},"end":{"line":70,"column":27}},{"start":{"line":70,"column":27},"end":{"line":70,"column":29}}],"line":70},"27":{"loc":{"start":{"line":76,"column":58},"end":{"line":76,"column":82}},"type":"default-arg","locations":[{"start":{"line":76,"column":70},"end":{"line":76,"column":82}}],"line":76},"28":{"loc":{"start":{"line":78,"column":4},"end":{"line":83,"column":null}},"type":"if","locations":[{"start":{"line":78,"column":4},"end":{"line":83,"column":null}},{"start":{},"end":{}}],"line":78},"29":{"loc":{"start":{"line":78,"column":8},"end":{"line":78,"column":48}},"type":"binary-expr","locations":[{"start":{"line":78,"column":8},"end":{"line":78,"column":17}},{"start":{"line":78,"column":17},"end":{"line":78,"column":48}}],"line":78},"30":{"loc":{"start":{"line":80,"column":8},"end":{"line":82,"column":null}},"type":"if","locations":[{"start":{"line":80,"column":8},"end":{"line":82,"column":null}},{"start":{},"end":{}}],"line":80},"31":{"loc":{"start":{"line":80,"column":12},"end":{"line":80,"column":57}},"type":"binary-expr","locations":[{"start":{"line":80,"column":12},"end":{"line":80,"column":31}},{"start":{"line":80,"column":31},"end":{"line":80,"column":57}}],"line":80},"32":{"loc":{"start":{"line":85,"column":8},"end":{"line":92,"column":null}},"type":"binary-expr","locations":[{"start":{"line":85,"column":8},"end":{"line":91,"column":null}},{"start":{"line":92,"column":11},"end":{"line":92,"column":null}}],"line":85},"33":{"loc":{"start":{"line":98,"column":4},"end":{"line":98,"column":null}},"type":"if","locations":[{"start":{"line":98,"column":4},"end":{"line":98,"column":null}},{"start":{},"end":{}}],"line":98},"34":{"loc":{"start":{"line":99,"column":4},"end":{"line":99,"column":null}},"type":"if","locations":[{"start":{"line":99,"column":4},"end":{"line":99,"column":null}},{"start":{},"end":{}}],"line":99},"35":{"loc":{"start":{"line":100,"column":4},"end":{"line":100,"column":null}},"type":"if","locations":[{"start":{"line":100,"column":4},"end":{"line":100,"column":null}},{"start":{},"end":{}}],"line":100},"36":{"loc":{"start":{"line":101,"column":4},"end":{"line":101,"column":null}},"type":"if","locations":[{"start":{"line":101,"column":4},"end":{"line":101,"column":null}},{"start":{},"end":{}}],"line":101},"37":{"loc":{"start":{"line":102,"column":4},"end":{"line":102,"column":null}},"type":"if","locations":[{"start":{"line":102,"column":4},"end":{"line":102,"column":null}},{"start":{},"end":{}}],"line":102},"38":{"loc":{"start":{"line":114,"column":4},"end":{"line":114,"column":null}},"type":"if","locations":[{"start":{"line":114,"column":4},"end":{"line":114,"column":null}},{"start":{},"end":{}}],"line":114},"39":{"loc":{"start":{"line":114,"column":8},"end":{"line":114,"column":44}},"type":"binary-expr","locations":[{"start":{"line":114,"column":8},"end":{"line":114,"column":25}},{"start":{"line":114,"column":25},"end":{"line":114,"column":44}}],"line":114},"40":{"loc":{"start":{"line":115,"column":4},"end":{"line":115,"column":null}},"type":"if","locations":[{"start":{"line":115,"column":4},"end":{"line":115,"column":null}},{"start":{},"end":{}}],"line":115},"41":{"loc":{"start":{"line":115,"column":8},"end":{"line":115,"column":43}},"type":"binary-expr","locations":[{"start":{"line":115,"column":8},"end":{"line":115,"column":24}},{"start":{"line":115,"column":24},"end":{"line":115,"column":43}}],"line":115},"42":{"loc":{"start":{"line":116,"column":4},"end":{"line":116,"column":null}},"type":"if","locations":[{"start":{"line":116,"column":4},"end":{"line":116,"column":null}},{"start":{},"end":{}}],"line":116},"43":{"loc":{"start":{"line":116,"column":8},"end":{"line":116,"column":43}},"type":"binary-expr","locations":[{"start":{"line":116,"column":8},"end":{"line":116,"column":24}},{"start":{"line":116,"column":24},"end":{"line":116,"column":43}}],"line":116},"44":{"loc":{"start":{"line":117,"column":4},"end":{"line":117,"column":null}},"type":"if","locations":[{"start":{"line":117,"column":4},"end":{"line":117,"column":null}},{"start":{},"end":{}}],"line":117},"45":{"loc":{"start":{"line":117,"column":8},"end":{"line":117,"column":43}},"type":"binary-expr","locations":[{"start":{"line":117,"column":8},"end":{"line":117,"column":24}},{"start":{"line":117,"column":24},"end":{"line":117,"column":43}}],"line":117},"46":{"loc":{"start":{"line":118,"column":4},"end":{"line":118,"column":null}},"type":"if","locations":[{"start":{"line":118,"column":4},"end":{"line":118,"column":null}},{"start":{},"end":{}}],"line":118},"47":{"loc":{"start":{"line":118,"column":8},"end":{"line":118,"column":43}},"type":"binary-expr","locations":[{"start":{"line":118,"column":8},"end":{"line":118,"column":24}},{"start":{"line":118,"column":24},"end":{"line":118,"column":43}}],"line":118},"48":{"loc":{"start":{"line":119,"column":4},"end":{"line":119,"column":null}},"type":"if","locations":[{"start":{"line":119,"column":4},"end":{"line":119,"column":null}},{"start":{},"end":{}}],"line":119},"49":{"loc":{"start":{"line":125,"column":4},"end":{"line":125,"column":null}},"type":"if","locations":[{"start":{"line":125,"column":4},"end":{"line":125,"column":null}},{"start":{},"end":{}}],"line":125},"50":{"loc":{"start":{"line":126,"column":4},"end":{"line":126,"column":null}},"type":"if","locations":[{"start":{"line":126,"column":4},"end":{"line":126,"column":null}},{"start":{},"end":{}}],"line":126},"51":{"loc":{"start":{"line":132,"column":4},"end":{"line":132,"column":null}},"type":"if","locations":[{"start":{"line":132,"column":4},"end":{"line":132,"column":null}},{"start":{},"end":{}}],"line":132},"52":{"loc":{"start":{"line":132,"column":8},"end":{"line":132,"column":47}},"type":"binary-expr","locations":[{"start":{"line":132,"column":8},"end":{"line":132,"column":17}},{"start":{"line":132,"column":17},"end":{"line":132,"column":47}}],"line":132},"53":{"loc":{"start":{"line":134,"column":4},"end":{"line":134,"column":null}},"type":"if","locations":[{"start":{"line":134,"column":4},"end":{"line":134,"column":null}},{"start":{},"end":{}}],"line":134},"54":{"loc":{"start":{"line":136,"column":4},"end":{"line":136,"column":null}},"type":"if","locations":[{"start":{"line":136,"column":4},"end":{"line":136,"column":null}},{"start":{},"end":{}}],"line":136},"55":{"loc":{"start":{"line":136,"column":8},"end":{"line":136,"column":51}},"type":"binary-expr","locations":[{"start":{"line":136,"column":8},"end":{"line":136,"column":37}},{"start":{"line":136,"column":37},"end":{"line":136,"column":51}}],"line":136},"56":{"loc":{"start":{"line":140,"column":58},"end":{"line":140,"column":82}},"type":"default-arg","locations":[{"start":{"line":140,"column":70},"end":{"line":140,"column":82}}],"line":140},"57":{"loc":{"start":{"line":142,"column":4},"end":{"line":142,"column":null}},"type":"if","locations":[{"start":{"line":142,"column":4},"end":{"line":142,"column":null}},{"start":{},"end":{}}],"line":142},"58":{"loc":{"start":{"line":144,"column":4},"end":{"line":144,"column":null}},"type":"if","locations":[{"start":{"line":144,"column":4},"end":{"line":144,"column":null}},{"start":{},"end":{}}],"line":144},"59":{"loc":{"start":{"line":145,"column":4},"end":{"line":145,"column":null}},"type":"if","locations":[{"start":{"line":145,"column":4},"end":{"line":145,"column":null}},{"start":{},"end":{}}],"line":145},"60":{"loc":{"start":{"line":168,"column":11},"end":{"line":168,"column":null}},"type":"cond-expr","locations":[{"start":{"line":168,"column":35},"end":{"line":168,"column":75}},{"start":{"line":168,"column":75},"end":{"line":168,"column":null}}],"line":168}},"s":{"0":48,"1":4,"2":44,"3":44,"4":34,"5":34,"6":11,"7":9,"8":2,"9":2,"10":2,"11":9,"12":1,"13":8,"14":8,"15":3,"16":8,"17":9,"18":55,"19":19,"20":36,"21":36,"22":29,"23":8,"24":21,"25":21,"26":1,"27":20,"28":3,"29":3,"30":17,"31":17,"32":5,"33":5,"34":21,"35":21,"36":5,"37":5,"38":2,"39":3,"40":3,"41":3,"42":4,"43":7,"44":7,"45":1,"46":1,"47":1,"48":6,"49":20,"50":11,"51":6,"52":6,"53":1,"54":5,"55":5,"56":4,"57":4,"58":3,"59":3,"60":2,"61":2,"62":1,"63":8,"64":8,"65":8,"66":138,"67":138,"68":8,"69":2,"70":6,"71":1,"72":5,"73":1,"74":4,"75":1,"76":3,"77":1,"78":2,"79":2,"80":1,"81":3,"82":3,"83":1,"84":2,"85":2,"86":1,"87":7,"88":7,"89":2,"90":5,"91":5,"92":1,"93":4,"94":4,"95":1,"96":3,"97":5,"98":5,"99":2,"100":3,"101":6,"102":3,"103":1,"104":2,"105":2,"106":1,"107":3,"108":18,"109":2,"110":3,"111":3,"112":3,"113":3,"114":2},"f":{"0":48,"1":34,"2":11,"3":9,"4":55,"5":5,"6":21,"7":5,"8":4,"9":7,"10":20,"11":11,"12":6,"13":8,"14":138,"15":138,"16":3,"17":7,"18":5,"19":6,"20":3,"21":18,"22":2,"23":3,"24":3,"25":3,"26":3},"b":{"0":[48],"1":[4,44],"2":[48,45],"3":[44,8],"4":[34,27,26],"5":[9,2],"6":[11,10,10],"7":[2,0],"8":[1,8],"9":[2,6],"10":[8,0],"11":[19,36],"12":[7,29],"13":[4,3],"14":[8,21],"15":[8,7],"16":[1,20],"17":[3,17],"18":[3,2],"19":[11,6],"20":[5],"21":[5],"22":[3,2],"23":[6,15],"24":[5],"25":[2,3],"26":[4,2],"27":[7],"28":[1,6],"29":[7,2],"30":[1,0],"31":[1,1],"32":[6,2],"33":[1,5],"34":[1,4],"35":[1,3],"36":[1,2],"37":[1,1],"38":[2,6],"39":[8,7],"40":[1,5],"41":[6,5],"42":[1,4],"43":[5,4],"44":[1,3],"45":[4,3],"46":[1,2],"47":[3,2],"48":[1,1],"49":[1,2],"50":[1,1],"51":[2,5],"52":[7,6],"53":[1,4],"54":[1,3],"55":[4,4],"56":[5],"57":[2,3],"58":[1,2],"59":[1,1],"60":[1,1]},"meta":{"lastBranch":61,"lastFunction":27,"lastStatement":115,"seen":{"f:1:16:1:25":0,"b:1:52:1:64":0,"b:2:4:2:Infinity:undefined:undefined:undefined:undefined":1,"s:2:4:2:Infinity":0,"b:2:8:2:26:2:26:2:47":2,"s:2:47:2:Infinity":1,"s:3:17:3:Infinity":2,"s:4:4:4:Infinity":3,"b:4:11:4:19:4:19:4:Infinity":3,"f:7:9:7:22":1,"s:8:17:8:Infinity":4,"s:9:4:9:Infinity":5,"b:9:11:9:46:9:46:9:62:9:62:9:Infinity":4,"f:12:9:12:30":2,"b:13:4:13:Infinity:undefined:undefined:undefined:undefined":5,"s:13:4:13:Infinity":6,"b:13:8:13:35:13:35:13:53:13:53:13:69":6,"s:13:69:13:Infinity":7,"s:14:26:14:Infinity":8,"s:15:17:15:Infinity":9,"s:16:4:16:Infinity":10,"b:16:32:16:39:16:39:16:Infinity":7,"f:19:9:19:24":3,"b:20:4:20:Infinity:undefined:undefined:undefined:undefined":8,"s:20:4:20:Infinity":11,"s:20:33:20:Infinity":12,"s:21:18:21:Infinity":13,"s:22:4:22:Infinity":14,"s:22:27:22:Infinity":15,"s:23:17:23:Infinity":16,"b:23:43:23:60:23:60:23:67":9,"s:24:4:24:Infinity":17,"b:24:32:24:39:24:39:24:Infinity":10,"f:27:16:27:36":4,"b:28:4:28:Infinity:undefined:undefined:undefined:undefined":11,"s:28:4:28:Infinity":18,"s:28:16:28:Infinity":19,"b:29:4:29:Infinity:undefined:undefined:undefined:undefined":12,"s:29:4:29:Infinity":20,"s:29:31:29:Infinity":21,"b:29:60:29:68:29:68:29:Infinity":13,"b:31:4:33:Infinity:undefined:undefined:undefined:undefined":14,"s:31:4:33:Infinity":22,"s:32:8:32:Infinity":23,"b:32:15:32:46:32:46:32:Infinity":15,"s:35:16:35:Infinity":24,"b:36:4:36:Infinity:undefined:undefined:undefined:undefined":16,"s:36:4:36:Infinity":25,"s:36:14:36:Infinity":26,"b:38:4:41:Infinity:undefined:undefined:undefined:undefined":17,"s:38:4:41:Infinity":27,"s:39:24:39:Infinity":28,"s:40:8:40:Infinity":29,"b:40:15:40:48:40:48:40:Infinity":18,"s:43:17:43:Infinity":30,"s:44:4:44:Infinity":31,"b:44:32:44:39:44:39:44:Infinity":19,"f:47:16:47:Infinity":5,"b:49:13:49:Infinity":20,"b:50:42:50:Infinity":21,"s:52:17:52:Infinity":32,"s:53:4:53:Infinity":33,"b:53:18:53:61:53:61:53:Infinity":22,"f:56:16:56:36":6,"s:57:17:57:Infinity":34,"s:58:4:58:Infinity":35,"b:58:18:58:39:58:39:58:Infinity":23,"f:61:16:61:40":7,"b:61:63:61:90":24,"s:62:17:62:Infinity":36,"b:63:4:63:Infinity:undefined:undefined:undefined:undefined":25,"s:63:4:63:Infinity":37,"s:63:15:63:Infinity":38,"s:64:22:64:Infinity":39,"s:65:24:65:Infinity":40,"s:66:4:66:Infinity":41,"f:69:16:69:33":8,"s:70:4:73:Infinity":42,"b:70:18:70:27:70:27:70:29":26,"f:76:16:76:44":9,"b:76:70:76:82":27,"s:77:18:77:Infinity":43,"b:78:4:83:Infinity:undefined:undefined:undefined:undefined":28,"s:78:4:83:Infinity":44,"b:78:8:78:17:78:17:78:48":29,"s:79:32:79:Infinity":45,"b:80:8:82:Infinity:undefined:undefined:undefined:undefined":30,"s:80:8:82:Infinity":46,"b:80:12:80:31:80:31:80:57":31,"s:81:12:81:Infinity":47,"s:84:4:92:Infinity":48,"b:85:8:91:Infinity:92:11:92:Infinity":32,"f:87:20:87:21":10,"s:87:30:87:87":49,"f:88:17:88:18":11,"s:88:27:88:34":50,"f:96:16:96:51":12,"s:97:19:97:Infinity":51,"b:98:4:98:Infinity:undefined:undefined:undefined:undefined":33,"s:98:4:98:Infinity":52,"s:98:22:98:Infinity":53,"b:99:4:99:Infinity:undefined:undefined:undefined:undefined":34,"s:99:4:99:Infinity":54,"s:99:22:99:Infinity":55,"b:100:4:100:Infinity:undefined:undefined:undefined:undefined":35,"s:100:4:100:Infinity":56,"s:100:21:100:Infinity":57,"b:101:4:101:Infinity:undefined:undefined:undefined:undefined":36,"s:101:4:101:Infinity":58,"s:101:21:101:Infinity":59,"b:102:4:102:Infinity:undefined:undefined:undefined:undefined":37,"s:102:4:102:Infinity":60,"s:102:21:102:Infinity":61,"s:103:4:103:Infinity":62,"f:106:16:106:43":13,"s:107:23:107:Infinity":63,"s:108:19:108:Infinity":64,"s:109:24:112:Infinity":65,"f:111:13:111:14":14,"s:111:23:111:63":66,"f:112:16:112:17":15,"s:112:34:112:58":67,"b:114:4:114:Infinity:undefined:undefined:undefined:undefined":38,"s:114:4:114:Infinity":68,"b:114:8:114:25:114:25:114:44":39,"s:114:44:114:Infinity":69,"b:115:4:115:Infinity:undefined:undefined:undefined:undefined":40,"s:115:4:115:Infinity":70,"b:115:8:115:24:115:24:115:43":41,"s:115:43:115:Infinity":71,"b:116:4:116:Infinity:undefined:undefined:undefined:undefined":42,"s:116:4:116:Infinity":72,"b:116:8:116:24:116:24:116:43":43,"s:116:43:116:Infinity":73,"b:117:4:117:Infinity:undefined:undefined:undefined:undefined":44,"s:117:4:117:Infinity":74,"b:117:8:117:24:117:24:117:43":45,"s:117:43:117:Infinity":75,"b:118:4:118:Infinity:undefined:undefined:undefined:undefined":46,"s:118:4:118:Infinity":76,"b:118:8:118:24:118:24:118:43":47,"s:118:43:118:Infinity":77,"b:119:4:119:Infinity:undefined:undefined:undefined:undefined":48,"s:119:4:119:Infinity":78,"s:119:22:119:Infinity":79,"s:120:4:120:Infinity":80,"f:123:16:123:44":16,"s:124:19:124:Infinity":81,"b:125:4:125:Infinity:undefined:undefined:undefined:undefined":49,"s:125:4:125:Infinity":82,"s:125:21:125:Infinity":83,"b:126:4:126:Infinity:undefined:undefined:undefined:undefined":50,"s:126:4:126:Infinity":84,"s:126:21:126:Infinity":85,"s:127:4:127:Infinity":86,"f:130:16:130:40":17,"s:131:17:131:Infinity":87,"b:132:4:132:Infinity:undefined:undefined:undefined:undefined":51,"s:132:4:132:Infinity":88,"b:132:8:132:17:132:17:132:47":52,"s:132:47:132:Infinity":89,"s:133:24:133:Infinity":90,"b:134:4:134:Infinity:undefined:undefined:undefined:undefined":53,"s:134:4:134:Infinity":91,"s:134:22:134:Infinity":92,"s:135:20:135:Infinity":93,"b:136:4:136:Infinity:undefined:undefined:undefined:undefined":54,"s:136:4:136:Infinity":94,"b:136:8:136:37:136:37:136:51":55,"s:136:51:136:Infinity":95,"s:137:4:137:Infinity":96,"f:140:16:140:41":18,"b:140:70:140:82":56,"s:141:23:141:Infinity":97,"b:142:4:142:Infinity:undefined:undefined:undefined:undefined":57,"s:142:4:142:Infinity":98,"s:142:21:142:Infinity":99,"s:143:21:143:Infinity":100,"f:143:47:143:48":19,"s:143:60:143:74":101,"b:144:4:144:Infinity:undefined:undefined:undefined:undefined":58,"s:144:4:144:Infinity":102,"s:144:30:144:Infinity":103,"b:145:4:145:Infinity:undefined:undefined:undefined:undefined":59,"s:145:4:145:Infinity":104,"s:145:40:145:Infinity":105,"s:146:4:146:Infinity":106,"f:149:16:149:40":20,"s:150:4:159:Infinity":107,"f:158:13:158:14":21,"s:158:24:158:50":108,"f:162:16:162:46":22,"s:163:23:167:Infinity":109,"f:164:13:164:14":23,"s:164:24:164:50":110,"f:165:16:165:17":24,"s:165:42:165:56":111,"f:166:13:166:14":25,"s:166:24:166:39":112,"f:167:14:167:15":26,"s:167:31:167:43":113,"s:168:4:168:Infinity":114,"b:168:35:168:75:168:75:168:Infinity":60}}}
}
